<?xml version="1.0" encoding="UTF-8"?>
<testsuite xmlns:xsi="http://www.w3.org/2001/XMLSchema-instance" xsi:noNamespaceSchemaLocation="https://maven.apache.org/surefire/maven-surefire-plugin/xsd/surefire-test-report-3.0.xsd" version="3.0" name="com.marafone.marafone.game.active.ActiveGameServiceImplIntegrationWithSeedTests" time="0.945" tests="1" errors="0" skipped="0" failures="0">
  <properties>
[...]
</properties>
  <testcase name="testThatNewRoundStartsAfter40Moves" classname="com.marafone.marafone.game.active.ActiveGameServiceImplIntegrationWithSeedTests" time="0.063">
    <system-out><![CDATA[2025-02-01T17:28:48.376+01:00  INFO 9048 --- [marafone] [           main] .b.t.c.SpringBootTestContextBootstrapper : Found @SpringBootConfiguration com.marafone.marafone.MarafoneApplication for test class com.marafone.marafone.game.active.ActiveGameServiceImplIntegrationWithSeedTests

  .   ____          _            __ _ _
 /\\ / ___'_ __ _ _(_)_ __  __ _ \ \ \ \
( ( )\___ | '_ | '_| | '_ \/ _` | \ \ \ \
 \\/  ___)| |_)| | | | | || (_| |  ) ) ) )
  '  |____| .__|_| |_|_| |_\__, | / / / /
 =========|_|==============|___/=/_/_/_/

 :: Spring Boot ::                (v3.3.5)

2025-02-01T17:28:48.401+01:00  INFO 9048 --- [marafone] [           main] eGameServiceImplIntegrationWithSeedTests : Starting ActiveGameServiceImplIntegrationWithSeedTests using Java 21.0.2 with PID 9048 (started by kozia in C:\Users\kozia\Desktop\Marafone\Backend\marafone\marafone)
2025-02-01T17:28:48.401+01:00  INFO 9048 --- [marafone] [           main] eGameServiceImplIntegrationWithSeedTests : The following 1 profile is active: "test"
2025-02-01T17:28:48.567+01:00  INFO 9048 --- [marafone] [           main] .s.d.r.c.RepositoryConfigurationDelegate : Bootstrapping Spring Data JPA repositories in DEFAULT mode.
2025-02-01T17:28:48.592+01:00  INFO 9048 --- [marafone] [           main] .s.d.r.c.RepositoryConfigurationDelegate : Finished Spring Data repository scanning in 25 ms. Found 2 JPA repository interfaces.
2025-02-01T17:28:48.693+01:00  INFO 9048 --- [marafone] [           main] o.hibernate.jpa.internal.util.LogHelper  : HHH000204: Processing PersistenceUnitInfo [name: default]
2025-02-01T17:28:48.696+01:00  INFO 9048 --- [marafone] [           main] o.h.c.internal.RegionFactoryInitiator    : HHH000026: Second-level cache disabled
2025-02-01T17:28:48.704+01:00  INFO 9048 --- [marafone] [           main] o.s.o.j.p.SpringPersistenceUnitInfo      : No LoadTimeWeaver setup: ignoring JPA class transformer
2025-02-01T17:28:48.705+01:00  INFO 9048 --- [marafone] [           main] com.zaxxer.hikari.HikariDataSource       : HikariPool-3 - Starting...
2025-02-01T17:28:48.725+01:00  INFO 9048 --- [marafone] [           main] com.zaxxer.hikari.pool.HikariPool        : HikariPool-3 - Added connection org.postgresql.jdbc.PgConnection@6b2d01e2
2025-02-01T17:28:48.725+01:00  INFO 9048 --- [marafone] [           main] com.zaxxer.hikari.HikariDataSource       : HikariPool-3 - Start completed.
2025-02-01T17:28:48.837+01:00  INFO 9048 --- [marafone] [           main] o.h.e.t.j.p.i.JtaPlatformInitiator       : HHH000489: No JTA platform available (set 'hibernate.transaction.jta.platform' to enable JTA platform integration)
Hibernate: alter table if exists action drop constraint if exists FKt27x1t8cntuh73mqb0hwn0khe
Hibernate: alter table if exists action drop constraint if exists FKsetvcw8f7b2qe2fkkbi1lm8ua
Hibernate: alter table if exists action drop constraint if exists FKh4gnd66inflni3bo7y0mugsnr
Hibernate: alter table if exists game drop constraint if exists FK6u3scxnwwd9fgiacklyfwxw6o
Hibernate: alter table if exists game_player drop constraint if exists FKr63jxnue4k17epv16brqn5sp3
Hibernate: alter table if exists game_player drop constraint if exists FKck50lvsqnjl8a0hj4y5wfli59
Hibernate: alter table if exists round drop constraint if exists FKm33gy9qtu8tyh8avj5mj6sj2o
Hibernate: drop table if exists action cascade
Hibernate: drop table if exists card cascade
Hibernate: drop table if exists game cascade
Hibernate: drop table if exists game_player cascade
Hibernate: drop table if exists round cascade
Hibernate: drop table if exists users cascade
Hibernate: drop sequence if exists action_seq
Hibernate: drop sequence if exists game_player_seq
Hibernate: drop sequence if exists game_seq
Hibernate: drop sequence if exists round_seq
Hibernate: drop sequence if exists users_seq
Hibernate: create sequence action_seq start with 1 increment by 50
Hibernate: create sequence game_player_seq start with 1 increment by 50
Hibernate: create sequence game_seq start with 1 increment by 50
Hibernate: create sequence round_seq start with 1 increment by 50
Hibernate: create sequence users_seq start with 1 increment by 50
Hibernate: create table action (card_id bigint, id bigint not null, player_id bigint, round_id bigint, timestamp timestamp(6), primary key (id))
Hibernate: create table card (id bigint not null, rank varchar(255) check (rank in ('FOUR','FIVE','SIX','SEVEN','J','C','K','A','TWO','THREE')), suit varchar(255) check (suit in ('SWORDS','CUPS','COINS','CLUBS')), primary key (id))
Hibernate: create table game (winner_team smallint check (winner_team between 0 and 1), created_at timestamp(6), id bigint not null, owner_id bigint, started_at timestamp(6), game_type varchar(255) check (game_type in ('MARAFFA','BRISCOLLA','TRISETTE')), join_game_code varchar(255), name varchar(255), primary key (id))
Hibernate: create table game_player (points integer, id bigint not null, players_list_id bigint, user_id bigint, team varchar(255) check (team in ('RED','BLUE')), primary key (id))
Hibernate: create table round (id bigint not null, rounds_id bigint, trump_suit varchar(255) check (trump_suit in ('SWORDS','CUPS','COINS','CLUBS')), primary key (id))
Hibernate: create table users (id bigint not null, email varchar(255), password varchar(255), username varchar(255), primary key (id))
Hibernate: alter table if exists action add constraint FKt27x1t8cntuh73mqb0hwn0khe foreign key (card_id) references card
Hibernate: alter table if exists action add constraint FKsetvcw8f7b2qe2fkkbi1lm8ua foreign key (player_id) references game_player
Hibernate: alter table if exists action add constraint FKh4gnd66inflni3bo7y0mugsnr foreign key (round_id) references round
Hibernate: alter table if exists game add constraint FK6u3scxnwwd9fgiacklyfwxw6o foreign key (owner_id) references users
Hibernate: alter table if exists game_player add constraint FKr63jxnue4k17epv16brqn5sp3 foreign key (user_id) references users
Hibernate: alter table if exists game_player add constraint FKck50lvsqnjl8a0hj4y5wfli59 foreign key (players_list_id) references game
Hibernate: alter table if exists round add constraint FKm33gy9qtu8tyh8avj5mj6sj2o foreign key (rounds_id) references game
2025-02-01T17:28:49.038+01:00  INFO 9048 --- [marafone] [           main] j.LocalContainerEntityManagerFactoryBean : Initialized JPA EntityManagerFactory for persistence unit 'default'
2025-02-01T17:28:49.124+01:00  WARN 9048 --- [marafone] [           main] JpaBaseConfiguration$JpaWebConfiguration : spring.jpa.open-in-view is enabled by default. Therefore, database queries may be performed during view rendering. Explicitly configure spring.jpa.open-in-view to disable this warning
2025-02-01T17:28:49.128+01:00  INFO 9048 --- [marafone] [           main] r$InitializeUserDetailsManagerConfigurer : Global AuthenticationManager configured with UserDetailsService bean with name userDetailsService
2025-02-01T17:28:49.137+01:00  INFO 9048 --- [marafone] [           main] o.s.b.a.w.s.WelcomePageHandlerMapping    : Adding welcome page: class path resource [static/index.html]
2025-02-01T17:28:49.235+01:00  INFO 9048 --- [marafone] [           main] o.s.m.s.b.SimpleBrokerMessageHandler     : Starting...
2025-02-01T17:28:49.235+01:00  INFO 9048 --- [marafone] [           main] o.s.m.s.b.SimpleBrokerMessageHandler     : BrokerAvailabilityEvent[available=true, SimpleBrokerMessageHandler [org.springframework.messaging.simp.broker.DefaultSubscriptionRegistry@14150a0a]]
2025-02-01T17:28:49.236+01:00  INFO 9048 --- [marafone] [           main] o.s.m.s.b.SimpleBrokerMessageHandler     : Started.
2025-02-01T17:28:49.239+01:00  INFO 9048 --- [marafone] [           main] eGameServiceImplIntegrationWithSeedTests : Started ActiveGameServiceImplIntegrationWithSeedTests in 0.858 seconds (process running for 14.88)
Hibernate: select u1_0.id,u1_0.email,u1_0.password,u1_0.username from users u1_0 where u1_0.id=?
Hibernate: select nextval('users_seq')
Hibernate: insert into users (email,password,username,id) values (?,?,?,?)
Hibernate: select u1_0.id,u1_0.email,u1_0.password,u1_0.username from users u1_0 where u1_0.id=?
Hibernate: select nextval('users_seq')
Hibernate: insert into users (email,password,username,id) values (?,?,?,?)
Hibernate: select u1_0.id,u1_0.email,u1_0.password,u1_0.username from users u1_0 where u1_0.id=?
Hibernate: insert into users (email,password,username,id) values (?,?,?,?)
Hibernate: select u1_0.id,u1_0.email,u1_0.password,u1_0.username from users u1_0 where u1_0.id=?
Hibernate: insert into users (email,password,username,id) values (?,?,?,?)
]]></system-out>
  </testcase>
</testsuite>